2024-07-14T00:20:54.003Z [info]: Execution order: 1, 2
2024-07-14T00:20:54.005Z [info]: Executing node 1
2024-07-14T00:20:54.005Z [info]: Node 1 input data: []
2024-07-14T00:20:54.006Z [info]: Node 1 produced output: []
2024-07-14T00:20:54.006Z [info]: Executing node 2
2024-07-14T00:20:54.006Z [info]: Node 2 input data: []
2024-07-14T00:20:54.007Z [info]: Node 2 produced output: []
2024-07-14T00:20:54.008Z [info]: Execution order: 1, 2
2024-07-14T00:20:54.009Z [info]: Executing node 1
2024-07-14T00:20:54.009Z [info]: Node 1 input data: []
2024-07-14T00:20:54.009Z [info]: Node 1 produced output: []
2024-07-14T00:20:54.009Z [info]: Executing node 2
2024-07-14T00:20:54.009Z [info]: Node 2 input data: []
2024-07-14T00:20:54.009Z [info]: Node 2 produced output: []
2024-07-14T00:20:54.012Z [info]: Execution order: 1, 2
2024-07-14T00:20:54.013Z [info]: Executing node 1
2024-07-14T00:20:54.014Z [info]: Node 1 input data: []
2024-07-14T00:20:54.014Z [info]: Node 1 produced output: []
2024-07-14T00:20:54.014Z [info]: Executing node 2
2024-07-14T00:20:54.015Z [info]: Node 2 input data: []
2024-07-14T00:20:54.015Z [info]: Node 2 produced output: []
2024-07-14T00:21:55.866Z [info]: Execution order: 1, 2
2024-07-14T00:21:55.867Z [info]: Executing node 1
2024-07-14T00:21:55.867Z [info]: Node 1 input data: []
2024-07-14T00:21:55.867Z [info]: Node 1 produced output: []
2024-07-14T00:21:55.867Z [info]: Executing node 2
2024-07-14T00:21:55.867Z [info]: Node 2 input data: []
2024-07-14T00:21:55.868Z [info]: Node 2 produced output: []
2024-07-14T00:21:55.869Z [info]: Execution order: 1, 2
2024-07-14T00:21:55.870Z [info]: Executing node 1
2024-07-14T00:21:55.870Z [info]: Node 1 input data: []
2024-07-14T00:21:55.872Z [info]: Node 1 produced output: []
2024-07-14T00:21:55.872Z [info]: Executing node 2
2024-07-14T00:21:55.872Z [info]: Node 2 input data: []
2024-07-14T00:21:55.872Z [info]: Node 2 produced output: []
2024-07-14T00:21:55.873Z [info]: Execution order: 1, 2
2024-07-14T00:21:55.874Z [info]: Executing node 1
2024-07-14T00:21:55.874Z [info]: Node 1 input data: []
2024-07-14T00:21:55.874Z [info]: Node 1 produced output: []
2024-07-14T00:21:55.874Z [info]: Executing node 2
2024-07-14T00:21:55.874Z [info]: Node 2 input data: []
2024-07-14T00:21:55.874Z [info]: Node 2 produced output: []
2024-07-14T00:27:21.516Z [info]: Execution order: 1, 2
2024-07-14T00:27:21.521Z [info]: Executing node 1
2024-07-14T00:27:21.523Z [info]: Node 1 input data: [{"json":{"input":"data1"}}]
2024-07-14T00:27:21.524Z [info]: Node 1 produced output: [{"json":{"input":"data1"}}]
2024-07-14T00:27:21.524Z [info]: Executing node 2
2024-07-14T00:27:21.524Z [info]: Node 2 input data: [{"json":{"input":"data1"}}]
2024-07-14T00:27:21.524Z [info]: Node 2 produced output: [{"json":{"input":"data1"}}]
2024-07-14T00:27:21.525Z [info]: Execution order: 1, 2
2024-07-14T00:27:21.525Z [info]: Executing node 1
2024-07-14T00:27:21.525Z [info]: Node 1 input data: [{"json":{"input":"data1"}}]
2024-07-14T00:27:21.525Z [info]: Node 1 produced output: [{"json":{"input":"data1"}}]
2024-07-14T00:27:21.525Z [info]: Executing node 2
2024-07-14T00:27:21.526Z [info]: Node 2 input data: [{"json":{"input":"data1"}}]
2024-07-14T00:27:21.527Z [info]: Node 2 produced output: [{"json":{"input":"data1"}}]
2024-07-14T00:27:21.531Z [info]: Execution order: 1, 2
2024-07-14T00:27:21.532Z [info]: Executing node 1
2024-07-14T00:27:21.532Z [info]: Node 1 input data: [{"json":{"input":"data1"}}]
2024-07-14T00:27:21.532Z [info]: Node 1 produced output: [{"json":{"input":"data1"}}]
2024-07-14T00:27:21.533Z [info]: Executing node 2
2024-07-14T00:27:21.533Z [info]: Node 2 input data: [{"json":{"input":"data1"}}]
2024-07-14T00:27:21.533Z [info]: Node 2 produced output: [{"json":{"input":"data1"}}]
2024-07-14T00:40:46.454Z [info]: Execution order: 1, 2
2024-07-14T00:40:46.461Z [info]: Executing node 1
2024-07-14T00:40:46.461Z [info]: Node 1 input data: [{"json":{"input":"data1"}}]
2024-07-14T00:40:46.462Z [info]: Node 1 produced output: [{"json":{"input":"data1"}}]
2024-07-14T00:40:46.462Z [info]: Executing node 2
2024-07-14T00:40:46.462Z [info]: Node 2 input data: [{"json":{"input":"data1"}}]
2024-07-14T00:40:46.463Z [info]: Node 2 produced output: [{"json":{"input":"data1"}}]
2024-07-14T00:40:46.465Z [info]: Execution order: 1, 2
2024-07-14T00:40:46.466Z [info]: Executing node 1
2024-07-14T00:40:46.466Z [info]: Node 1 input data: [{"json":{"input":"data1"}}]
2024-07-14T00:40:46.466Z [info]: Node 1 produced output: [{"json":{"input":"data1"}}]
2024-07-14T00:40:46.467Z [info]: Executing node 2
2024-07-14T00:40:46.467Z [info]: Node 2 input data: [{"json":{"input":"data1"}}]
2024-07-14T00:40:46.467Z [info]: Node 2 produced output: [{"json":{"input":"data1"}}]
2024-07-14T00:40:46.468Z [info]: Execution order: 1, 2
2024-07-14T00:40:46.469Z [info]: Executing node 1
2024-07-14T00:40:46.469Z [info]: Node 1 input data: [{"json":{"input":"data1"}}]
2024-07-14T00:40:46.469Z [info]: Node 1 produced output: [{"json":{"input":"data1"}}]
2024-07-14T00:40:46.469Z [info]: Executing node 2
2024-07-14T00:40:46.472Z [info]: Node 2 input data: [{"json":{"input":"data1"}}]
2024-07-14T00:40:46.472Z [info]: Node 2 produced output: [{"json":{"input":"data1"}}]
2024-07-14T05:48:40.729Z [info]: Execution order: 1, 2
2024-07-14T05:48:40.732Z [info]: Executing node 1
2024-07-14T05:48:40.733Z [info]: Node 1 input data: [{"json":{"input":"data1"}}]
2024-07-14T05:48:40.733Z [info]: Node 1 produced output: [{"json":{"input":"data1"}}]
2024-07-14T05:48:40.733Z [info]: Executing node 2
2024-07-14T05:48:40.733Z [info]: Node 2 input data: [{"json":{"input":"data1"}}]
2024-07-14T05:48:40.733Z [info]: Node 2 produced output: [{"json":{"input":"data1"}}]
2024-07-14T05:48:40.734Z [info]: Execution order: 1, 2
2024-07-14T05:48:40.735Z [info]: Executing node 1
2024-07-14T05:48:40.736Z [info]: Node 1 input data: [{"json":{"input":"data1"}}]
2024-07-14T05:48:40.736Z [info]: Node 1 produced output: [{"json":{"input":"data1"}}]
2024-07-14T05:48:40.736Z [info]: Executing node 2
2024-07-14T05:48:40.736Z [info]: Node 2 input data: [{"json":{"input":"data1"}}]
2024-07-14T05:48:40.736Z [info]: Node 2 produced output: [{"json":{"input":"data1"}}]
2024-07-14T05:48:40.737Z [info]: Execution order: 1, 2
2024-07-14T05:48:40.738Z [info]: Executing node 1
2024-07-14T05:48:40.738Z [info]: Node 1 input data: [{"json":{"input":"data1"}}]
2024-07-14T05:48:40.738Z [info]: Node 1 produced output: [{"json":{"input":"data1"}}]
2024-07-14T05:48:40.739Z [info]: Executing node 2
2024-07-14T05:48:40.739Z [info]: Node 2 input data: [{"json":{"input":"data1"}}]
2024-07-14T05:48:40.739Z [info]: Node 2 produced output: [{"json":{"input":"data1"}}]
2024-07-14T05:53:14.568Z [info]: Execution order: 1, 2
2024-07-14T05:53:14.574Z [info]: Executing node 1
2024-07-14T05:53:14.574Z [info]: Node 1 input data: [{"json":{"input":"data1"}}]
2024-07-14T05:53:14.575Z [info]: Node 1 produced output: [{"json":{"input":"data1"}}]
2024-07-14T05:53:14.575Z [info]: Executing node 2
2024-07-14T05:53:14.575Z [info]: Node 2 input data: [{"json":{"input":"data1"}}]
2024-07-14T05:53:14.576Z [info]: Node 2 produced output: [{"json":{"input":"data1"}}]
2024-07-14T05:53:14.577Z [info]: Execution order: 1, 2
2024-07-14T05:53:14.577Z [info]: Executing node 1
2024-07-14T05:53:14.577Z [info]: Node 1 input data: [{"json":{"input":"data1"}}]
2024-07-14T05:53:14.578Z [info]: Node 1 produced output: [{"json":{"input":"data1"}}]
2024-07-14T05:53:14.578Z [info]: Executing node 2
2024-07-14T05:53:14.579Z [info]: Node 2 input data: [{"json":{"input":"data1"}}]
2024-07-14T05:53:14.579Z [info]: Node 2 produced output: [{"json":{"input":"data1"}}]
2024-07-14T05:53:14.580Z [info]: Execution order: 1, 2
2024-07-14T05:53:14.580Z [info]: Executing node 1
2024-07-14T05:53:14.580Z [info]: Node 1 input data: [{"json":{"input":"data1"}}]
2024-07-14T05:53:14.580Z [info]: Node 1 produced output: [{"json":{"input":"data1"}}]
2024-07-14T05:53:14.580Z [info]: Executing node 2
2024-07-14T05:53:14.581Z [info]: Node 2 input data: [{"json":{"input":"data1"}}]
2024-07-14T05:53:14.581Z [info]: Node 2 produced output: [{"json":{"input":"data1"}}]
2024-07-14T06:03:21.720Z [info]: Execution order: 1, 2
2024-07-14T06:03:21.726Z [info]: Executing node 1
2024-07-14T06:03:21.727Z [info]: Node 1 input data: [{"json":{"input":"data1"}}]
2024-07-14T06:03:21.728Z [info]: Node 1 produced output: [{"json":{"input":"data1"}}]
2024-07-14T06:03:21.728Z [info]: Executing node 2
2024-07-14T06:03:21.729Z [info]: Node 2 input data: [{"json":{"input":"data1"}}]
2024-07-14T06:03:21.729Z [info]: Node 2 produced output: [{"json":{"input":"data1"}}]
2024-07-14T06:03:21.730Z [info]: Execution order: 1, 2
2024-07-14T06:03:21.730Z [info]: Executing node 1
2024-07-14T06:03:21.730Z [info]: Node 1 input data: [{"json":{"input":"data1"}}]
2024-07-14T06:03:21.731Z [info]: Node 1 produced output: [{"json":{"input":"data1"}}]
2024-07-14T06:03:21.731Z [info]: Executing node 2
2024-07-14T06:03:21.731Z [info]: Node 2 input data: [{"json":{"input":"data1"}}]
2024-07-14T06:03:21.731Z [info]: Node 2 produced output: [{"json":{"input":"data1"}}]
2024-07-14T06:03:21.732Z [info]: Execution order: 1, 2
2024-07-14T06:03:21.732Z [info]: Executing node 1
2024-07-14T06:03:21.732Z [info]: Node 1 input data: [{"json":{"input":"data1"}}]
2024-07-14T06:03:21.732Z [info]: Node 1 produced output: [{"json":{"input":"data1"}}]
2024-07-14T06:03:21.732Z [info]: Executing node 2
2024-07-14T06:03:21.734Z [info]: Node 2 input data: [{"json":{"input":"data1"}}]
2024-07-14T06:03:21.734Z [info]: Node 2 produced output: [{"json":{"input":"data1"}}]
